{"synthetic": false,
 "schemaVersion": "2025-09-10",
 "outputs":
 {"o": ["f9077e461995fed3.olean"],
  "m": false,
  "i": "9a6fb5db2663c20a.ilean",
  "c": "3a3060c864fff700.c"},
 "log":
 [{"message":
   ".> LEAN_PATH=D:\\sizzlin-riemann\\proof\\.lake\\packages\\Cli\\.lake\\build\\lib\\lean;D:\\sizzlin-riemann\\proof\\.lake\\packages\\batteries\\.lake\\build\\lib\\lean;D:\\sizzlin-riemann\\proof\\.lake\\packages\\Qq\\.lake\\build\\lib\\lean;D:\\sizzlin-riemann\\proof\\.lake\\packages\\aesop\\.lake\\build\\lib\\lean;D:\\sizzlin-riemann\\proof\\.lake\\packages\\proofwidgets\\.lake\\build\\lib\\lean;D:\\sizzlin-riemann\\proof\\.lake\\packages\\importGraph\\.lake\\build\\lib\\lean;D:\\sizzlin-riemann\\proof\\.lake\\packages\\LeanSearchClient\\.lake\\build\\lib\\lean;D:\\sizzlin-riemann\\proof\\.lake\\packages\\plausible\\.lake\\build\\lib\\lean;D:\\sizzlin-riemann\\proof\\.lake\\packages\\mathlib\\.lake\\build\\lib\\lean;D:\\sizzlin-riemann\\proof\\.lake\\build\\lib\\lean c:\\Users\\LOQ\\.elan\\toolchains\\leanprover--lean4---v4.31.0-rc1\\bin\\lean.exe D:\\sizzlin-riemann\\proof\\Vasyunin.lean -o D:\\sizzlin-riemann\\proof\\.lake\\build\\lib\\lean\\Vasyunin.olean -i D:\\sizzlin-riemann\\proof\\.lake\\build\\lib\\lean\\Vasyunin.ilean -c D:\\sizzlin-riemann\\proof\\.lake\\build\\ir\\Vasyunin.c --setup D:\\sizzlin-riemann\\proof\\.lake\\build\\ir\\Vasyunin.setup.json --json",
   "level": "trace"},
  {"message": "Vasyunin.lean:66:8: declaration uses `sorry`",
   "level": "warning"}],
 "inputs":
 [["Vasyunin:deps",
   [["deps",
     [["RiemannProof/Vasyunin:extraDep",
       [["@RiemannProof:extraDep", "00000000000006bb"]]],
      ["imports",
       [["Mathlib.Analysis.SpecialFunctions.Integrals.Basic transitive imports (legacy)",
         "7ad5c3b5fce17227"],
        ["Mathlib.Analysis.SpecialFunctions.Integrals.Basic:importAllArts",
         "3bc38e0181bfa6dc"],
        ["Mathlib.MeasureTheory.Measure.Lebesgue.Basic transitive imports (legacy)",
         "f484879ab2ed7584"],
        ["Mathlib.MeasureTheory.Measure.Lebesgue.Basic:importAllArts",
         "3c1edb84354e8325"],
        ["Mathlib.Topology.ContinuousMap.Basic transitive imports (legacy)",
         "df798a23facfc0e0"],
        ["Mathlib.Topology.ContinuousMap.Basic:importAllArts",
         "8916a817c0097634"],
        ["Mathlib.Analysis.InnerProductSpace.Basic transitive imports (legacy)",
         "7c6481335f187ab3"],
        ["Mathlib.Analysis.InnerProductSpace.Basic:importAllArts",
         "5d1f04af10a9985a"]]]]],
    ["libs",
     [["import dynlibs", "00000000000006bb"],
      ["package external libraries", "00000000000006bb"],
      ["module dynlibs", "00000000000006bb"],
      ["module plugins", "00000000000006bb"]]]]],
  ["Lean 4.31.0, commit fd009949156901e6cf15b6d9bf1122294b8e697a",
   "148386281e429e9a"],
  ["D:\\sizzlin-riemann\\proof\\Vasyunin.lean", "7c176f75e13fb866"],
  ["options", "00000000000006bb"],
  ["isModule: false", "feefd2a0d3a1847e"],
  ["Module.name: Vasyunin", "01f4832dea95cad4"],
  ["Package.id?: (some RiemannProof)", "a60844174f6bc818"],
  ["Module.leanArgs: #[]", "00000000000006bb"]],
 "depHash": "834a42e590a42a8e"}